---------------------------------------------------------------
[ 2024-10-30T02:24:48+08:00 ] 36.41.64.81 GET 47.119.114.223:92/
[运行时间：0.015638s] [吞吐率：63.95req/s] [内存消耗：2,071.77kb] [文件加载：39]
[ info ] [ LANG ] /www/wwwroot/47.119.114.223_92/thinkphp/lang/zh-cn.php
[ info ] [ ROUTE ] array (
  'type' => 'module',
  'module' => 
  array (
    0 => '',
    1 => NULL,
    2 => NULL,
  ),
)
[ info ] [ HEADER ] array (
  'host' => '47.119.114.223:92',
  'user-agent' => 'Mozilla/5.0 (Macintosh; Intel Mac OS X 10_15_7) AppleWebKit/537.36 (KHTML, like Gecko) Chrome/96.0.4664.110 Safari/537.36',
  'accept' => 'text/html,application/xhtml+xml,application/xml;q=0.9,image/avif,image/webp,image/apng,*/*;q=0.8,application/signed-exchange;v=b3;q=0.9',
  'accept-language' => 'en;q=0.9',
  'cache-control' => 'max-age=0',
  'dnt' => '1',
  'sec-gpc' => '1',
  'upgrade-insecure-requests' => '1',
  'accept-encoding' => 'gzip',
  'content-type' => '',
  'content-length' => '',
)
[ info ] [ PARAM ] array (
)
[ info ] [ RUN ] app\website\controller\Index->Index[ /www/wwwroot/47.119.114.223_92/application/website/controller/Index.php ]
[ info ] [ VIEW ] template/website/index/index.html [ array (
  0 => 'subweb',
) ]
[ info ] [ LOG ] INIT File
---------------------------------------------------------------
[ 2024-10-30T02:24:48+08:00 ] 36.41.64.81 GET 47.119.114.223:92/
[运行时间：0.015633s] [吞吐率：63.97req/s] [内存消耗：2,071.51kb] [文件加载：39]
[ info ] [ LANG ] /www/wwwroot/47.119.114.223_92/thinkphp/lang/zh-cn.php
[ info ] [ ROUTE ] array (
  'type' => 'module',
  'module' => 
  array (
    0 => '',
    1 => NULL,
    2 => NULL,
  ),
)
[ info ] [ HEADER ] array (
  'host' => '47.119.114.223:92',
  'user-agent' => 'Mozilla/5.0 (Macintosh; Intel Mac OS X 11_0_0) AppleWebKit/537.36 (KHTML, like Gecko) Chrome/87.0.4280.88 Safari/537.36',
  'accept' => 'text/html,application/xhtml+xml,application/xml;q=0.9,image/avif,image/webp,image/apng,*/*;q=0.8,application/signed-exchange;v=b3;q=0.7',
  'accept-language' => 'en',
  'upgrade-insecure-requests' => '1',
  'accept-encoding' => 'gzip',
  'content-type' => '',
  'content-length' => '',
)
[ info ] [ PARAM ] array (
)
[ info ] [ RUN ] app\website\controller\Index->Index[ /www/wwwroot/47.119.114.223_92/application/website/controller/Index.php ]
[ info ] [ VIEW ] template/website/index/index.html [ array (
  0 => 'subweb',
) ]
[ info ] [ LOG ] INIT File
---------------------------------------------------------------
[ 2024-10-30T02:24:52+08:00 ] 36.41.64.81 GET 47.119.114.223:92/favicon.ico
[运行时间：0.011191s] [吞吐率：89.36req/s] [内存消耗：1,432.32kb] [文件加载：28]
[ info ] [ LANG ] /www/wwwroot/47.119.114.223_92/thinkphp/lang/zh-cn.php
[ info ] [ ROUTE ] array (
  'type' => 'module',
  'module' => 
  array (
    0 => 'favicon.ico',
    1 => NULL,
    2 => NULL,
  ),
)
[ info ] [ HEADER ] array (
  'host' => '47.119.114.223:92',
  'user-agent' => 'Mozilla/5.0 (Macintosh; Intel Mac OS X 10_15_7) AppleWebKit/537.36 (KHTML, like Gecko) Chrome/96.0.4664.110 Safari/537.36',
  'accept' => 'text/html,application/xhtml+xml,application/xml;q=0.9,image/avif,image/webp,image/apng,*/*;q=0.8,application/signed-exchange;v=b3;q=0.9',
  'accept-language' => 'en;q=0.9',
  'cache-control' => 'max-age=0',
  'dnt' => '1',
  'sec-gpc' => '1',
  'upgrade-insecure-requests' => '1',
  'accept-encoding' => 'gzip',
  'content-type' => '',
  'content-length' => '',
)
[ info ] [ PARAM ] array (
)
[ info ] [ LOG ] INIT File
---------------------------------------------------------------
[ 2024-10-30T02:24:52+08:00 ] 36.41.64.81 GET 47.119.114.223:92/favicon.ico
[运行时间：0.012685s] [吞吐率：78.83req/s] [内存消耗：1,432.37kb] [文件加载：28]
[ info ] [ LANG ] /www/wwwroot/47.119.114.223_92/thinkphp/lang/zh-cn.php
[ info ] [ ROUTE ] array (
  'type' => 'module',
  'module' => 
  array (
    0 => '404',
    1 => NULL,
    2 => NULL,
  ),
)
[ info ] [ HEADER ] array (
  'host' => '47.119.114.223:92',
  'user-agent' => 'Mozilla/5.0 (Macintosh; Intel Mac OS X 10_15_7) AppleWebKit/537.36 (KHTML, like Gecko) Chrome/96.0.4664.110 Safari/537.36',
  'accept' => 'text/html,application/xhtml+xml,application/xml;q=0.9,image/avif,image/webp,image/apng,*/*;q=0.8,application/signed-exchange;v=b3;q=0.9',
  'accept-language' => 'en;q=0.9',
  'cache-control' => 'max-age=0',
  'dnt' => '1',
  'sec-gpc' => '1',
  'upgrade-insecure-requests' => '1',
  'accept-encoding' => 'gzip',
  'content-type' => '',
  'content-length' => '',
)
[ info ] [ PARAM ] array (
)
[ info ] [ LOG ] INIT File
---------------------------------------------------------------
[ 2024-10-30T04:20:00+08:00 ] 147.185.133.41 GET 47.119.114.223:92/
[运行时间：0.016773s] [吞吐率：59.62req/s] [内存消耗：2,070.74kb] [文件加载：39]
[ info ] [ LANG ] /www/wwwroot/47.119.114.223_92/thinkphp/lang/zh-cn.php
[ info ] [ ROUTE ] array (
  'type' => 'module',
  'module' => 
  array (
    0 => '',
    1 => NULL,
    2 => NULL,
  ),
)
[ info ] [ HEADER ] array (
  'host' => '47.119.114.223:92',
  'user-agent' => 'Expanse, a Palo Alto Networks company, searches across the global IPv4 space multiple times per day to identify customers&#39; presences on the Internet. If you would like to be excluded from our scans, please send IP addresses/domains to: scaninfo@paloaltonetworks.com',
  'accept-encoding' => 'gzip',
  'content-type' => '',
  'content-length' => '',
)
[ info ] [ PARAM ] array (
)
[ info ] [ RUN ] app\website\controller\Index->Index[ /www/wwwroot/47.119.114.223_92/application/website/controller/Index.php ]
[ info ] [ VIEW ] template/website/index/index.html [ array (
  0 => 'subweb',
) ]
[ info ] [ LOG ] INIT File
---------------------------------------------------------------
[ 2024-10-30T11:54:23+08:00 ] 35.203.211.247 GET 47.119.114.223:93/
[运行时间：0.012294s] [吞吐率：81.34req/s] [内存消耗：1,700.44kb] [文件加载：32]
[ info ] [ LANG ] /www/wwwroot/47.119.114.223_92/thinkphp/lang/zh-cn.php
[ info ] [ ROUTE ] array (
  'type' => 'module',
  'module' => 
  array (
    0 => '',
    1 => NULL,
    2 => NULL,
  ),
)
[ info ] [ HEADER ] array (
  'host' => '47.119.114.223:93',
  'user-agent' => 'Expanse, a Palo Alto Networks company, searches across the global IPv4 space multiple times per day to identify customers&#39; presences on the Internet. If you would like to be excluded from our scans, please send IP addresses/domains to: scaninfo@paloaltonetworks.com',
  'accept-encoding' => 'gzip',
  'content-type' => '',
  'content-length' => '',
)
[ info ] [ PARAM ] array (
)
[ info ] [ LOG ] INIT File
